<?xml version="1.0" encoding="utf-8"?><testsuites name="pytest tests"><testsuite name="pytest" errors="0" failures="0" skipped="0" tests="26" time="15.765" timestamp="2026-08-27T22:28:24.671821+00:00" hostname="runnervmgx7h7"><testcase classname="test.test_sharding" name="test_default_off" time="0.337" /><testcase classname="test.test_sharding" name="test_set_and_clear_default" time="0.001" /><testcase classname="test.test_sharding" name="test_set_device_mesh_validates_lengths" time="0.001" /><testcase classname="test.test_sharding" name="test_dense_factory_is_sharded" time="0.433" /><testcase classname="test.test_sharding" name="test_dense_arithmetic_preserves_sharding" time="0.437" /><testcase classname="test.test_sharding" name="test_dense_kron_reshards_output" time="0.586" /><testcase classname="test.test_sharding" name="test_sparse_dia_factory_is_sharded" time="0.274" /><testcase classname="test.test_sharding" name="test_sparse_dia_arithmetic_preserves_sharding" time="0.419" /><testcase classname="test.test_sharding" name="test_validate_shape_mismatch_raises" time="0.112" /><testcase classname="test.test_sharding" name="test_adaptive_default_shards_ket_space_axis" time="0.276" /><testcase classname="test.test_sharding" name="test_bcoo_under_sharding_raises" time="0.001" /><testcase classname="test.test_sharding" name="test_jit_with_sharded_qarray" time="0.126" /><testcase classname="test.test_sharding" name="test_eigh_on_sharded_dense" time="0.062" /><testcase classname="test.test_sharding" name="test_dp_shards_batch_dim" time="0.449" /><testcase classname="test.test_sharding" name="test_dp_falls_through_to_matrix_when_no_batch" time="0.003" /><testcase classname="test.test_sharding" name="test_mp_shards_matrix_dim" time="0.143" /><testcase classname="test.test_sharding" name="test_mp_skips_batch_dim_when_present" time="0.475" /><testcase classname="test.test_sharding" name="test_2d_mesh_dense_uses_both_axes" time="0.241" /><testcase classname="test.test_sharding" name="test_2d_mesh_batched_uses_both_modes" time="0.394" /><testcase classname="test.test_sharding" name="test_2d_mesh_ket_replicates_unused_axis" time="0.281" /><testcase classname="test.test_sharding" name="test_2d_mesh_batched_ket" time="0.234" /><testcase classname="test.test_sharding" name="test_2d_mesh_matmul_smoke" time="0.032" /><testcase classname="test.test_sharding" name="test_dp_e2e_parameter_sweep" time="0.378" /><testcase classname="test.test_sharding" name="test_mp_e2e_large_system_eigh" time="0.631" /><testcase classname="test.test_sharding" name="test_mp_e2e_sesolve" time="2.272" /><testcase classname="test.test_sharding" name="test_2d_mesh_e2e_batched_sesolve" time="3.489" /></testsuite></testsuites>