<?xml version="1.0" encoding="utf-8"?><testsuites name="pytest tests"><testsuite name="pytest" errors="0" failures="0" skipped="0" tests="35" time="48.060" timestamp="2025-08-02T16:52:58.516133+00:00" hostname="pkrvmjbmru5nbw0"><testcase classname="test.test_circuits" name="test_unitary_simulation" time="3.622" /><testcase classname="test.test_circuits" name="test_hamiltonian_simulation" time="3.674" /><testcase classname="test.test_codes" name="test_gkp_code" time="1.674" /><testcase classname="test.test_core_misc" name="test_conversions" time="2.072" /><testcase classname="test.test_core_misc" name="test_overlap" time="1.035" /><testcase classname="test.test_core_misc" name="test_device" time="0.011" /><testcase classname="test.test_core_misc" name="test_comb" time="0.157" /><testcase classname="test.test_core_misc" name="test_iso_transforms" time="0.802" /><testcase classname="test.test_core_misc" name="test_misc_operators" time="1.780" /><testcase classname="test.test_core_solvers" name="test_sesolve" time="2.603" /><testcase classname="test.test_core_solvers" name="test_sesolve_batch" time="2.597" /><testcase classname="test.test_core_solvers" name="test_sesolve_edge_cases" time="0.994" /><testcase classname="test.test_core_solvers" name="test_mesolve_batch" time="5.268" /><testcase classname="test.test_core_solvers" name="test_mesolve" time="2.401" /><testcase classname="test.test_core_solvers" name="test_mesolve_edge_cases" time="2.181" /><testcase classname="test.test_measurement" name="test_reconstruct_density_matrix" time="1.213" /><testcase classname="test.test_measurement" name="test_parametrize_density_matrix" time="0.234" /><testcase classname="test.test_measurement" name="test_L1_reg" time="0.039" /><testcase classname="test.test_measurement" name="test_overlap" time="0.058" /><testcase classname="test.test_measurement" name="test_fidelity" time="0.296" /><testcase classname="test.test_measurement" name="test_quantum_state_tomography_direct" time="0.318" /><testcase classname="test.test_measurement" name="test_quantum_state_tomography_mle" time="0.846" /><testcase classname="test.test_measurement" name="test_tensor_basis" time="0.499" /><testcase classname="test.test_qarray" name="test_version" time="0.001" /><testcase classname="test.test_qarray" name="test_qarray_creation" time="1.375" /><testcase classname="test.test_qarray" name="test_qarray_properties" time="0.972" /><testcase classname="test.test_qarray" name="test_qarray_basic_math_add" time="1.798" /><testcase classname="test.test_qarray" name="test_qarray_basic_math_sub" time="0.362" /><testcase classname="test.test_qarray" name="test_qarray_basic_math_mul" time="0.333" /><testcase classname="test.test_qarray" name="test_qarray_basic_math_matmul" time="0.019" /><testcase classname="test.test_qarray" name="test_qarray_basic_math_tensor" time="1.896" /><testcase classname="test.test_qarray" name="test_qarray_basic_math_pow" time="0.043" /><testcase classname="test.test_qarray" name="test_eigh" time="0.555" /><testcase classname="test.test_qarray" name="test_dims" time="0.005" /><testcase classname="test.test_qarray" name="test_qtype" time="0.042" /></testsuite></testsuites>