<?xml version="1.0" encoding="utf-8"?><testsuites name="pytest tests"><testsuite name="pytest" errors="0" failures="0" skipped="0" tests="350" time="234.833" timestamp="2026-05-05T22:45:08.379554+00:00" hostname="runnervmeorf1"><testcase classname="test.test_circuits" name="test_unitary_simulation" time="4.747" /><testcase classname="test.test_circuits" name="test_hamiltonian_simulation" time="4.926" /><testcase classname="test.test_codes.TestBosonicQubit" name="test_bosonic_qubit_initialization" time="0.001" /><testcase classname="test.test_codes.TestBosonicQubit" name="test_bosonic_qubit_name_property" time="0.395" /><testcase classname="test.test_codes.TestBosonicQubit" name="test_bosonic_qubit_params_validation" time="0.007" /><testcase classname="test.test_codes.TestBosonicQubit" name="test_bosonic_qubit_common_gates" time="0.006" /><testcase classname="test.test_codes.TestBosonicQubit" name="test_bosonic_qubit_basis_states" time="0.006" /><testcase classname="test.test_codes.TestBosonicQubit" name="test_bosonic_qubit_pauli_gates" time="0.045" /><testcase classname="test.test_codes.TestBosonicQubit" name="test_bosonic_qubit_projector" time="0.110" /><testcase classname="test.test_codes.TestBosonicQubit" name="test_bosonic_qubit_maximally_mixed_state" time="0.113" /><testcase classname="test.test_codes.TestBosonicQubit" name="test_bosonic_qubit_jqt2qt" time="0.007" /><testcase classname="test.test_codes.TestBosonicQubit" name="test_bosonic_qubit_hamiltonian_properties" time="0.006" /><testcase classname="test.test_codes.TestBosonicQubit" name="test_bosonic_qubit_gen_pauli_u_gate_path" time="0.037" /><testcase classname="test.test_codes.TestBosonicQubit" name="test_bosonic_qubit_hadamard_gate" time="0.064" /><testcase classname="test.test_codes.TestBosonicQubit" name="test_bosonic_qubit_prepare_state_plot" time="0.007" /><testcase classname="test.test_codes.TestBosonicQubit" name="test_bosonic_qubit_plot_single" time="1.940" /><testcase classname="test.test_codes.TestBosonicQubit" name="test_bosonic_qubit_plot_code_states" time="2.545" /><testcase classname="test.test_codes.TestBosonicQubit" name="test_bosonic_qubit_plot_code_states_qfunc" time="0.007" /><testcase classname="test.test_codes.TestBosonicQubit" name="test_bosonic_qubit_plot_methods" time="0.587" /><testcase classname="test.test_codes.TestBosonicQubit" name="test_bosonic_qubit_error_handling" time="0.059" /><testcase classname="test.test_codes.TestBosonicQubit" name="test_bosonic_qubit_gen_pauli_u_hamiltonian_path" time="0.368" /><testcase classname="test.test_codes.TestBosonicQubit" name="test_bosonic_qubit_plot_with_custom_axes" time="0.273" /><testcase classname="test.test_codes.TestBosonicQubit" name="test_bosonic_qubit_plot_single_with_custom_axes" time="0.348" /><testcase classname="test.test_codes.TestBosonicQubit" name="test_bosonic_qubit_plot_code_states_with_custom_axes" time="2.753" /><testcase classname="test.test_codes.TestBosonicQubit" name="test_bosonic_qubit_error_handling_edge_cases" time="0.008" /><testcase classname="test.test_codes.TestBosonicQubit" name="test_bosonic_qubit_initialization_assertion_coverage" time="0.006" /><testcase classname="test.test_codes.TestQubit" name="test_qubit_initialization" time="0.006" /><testcase classname="test.test_codes.TestQubit" name="test_qubit_basis_states" time="0.095" /><testcase classname="test.test_codes.TestQubit" name="test_qubit_pauli_gates" time="0.008" /><testcase classname="test.test_codes.TestQubit" name="test_qubit_orthogonality" time="0.045" /><testcase classname="test.test_codes.TestQubit" name="test_qubit_plot_method" time="0.251" /><testcase classname="test.test_codes.TestBosonicMode" name="test_bosonic_mode_initialization" time="0.776" /><testcase classname="test.test_codes.TestBosonicMode" name="test_bosonic_mode_basis_states" time="0.262" /><testcase classname="test.test_codes.TestCatQubit" name="test_cat_qubit_initialization" time="1.737" /><testcase classname="test.test_codes.TestCatQubit" name="test_cat_qubit_custom_params" time="0.234" /><testcase classname="test.test_codes.TestCatQubit" name="test_cat_qubit_basis_states" time="0.076" /><testcase classname="test.test_codes.TestCatQubit" name="test_cat_qubit_non_device_params" time="0.033" /><testcase classname="test.test_codes.TestBinomialQubit" name="test_binomial_qubit_initialization" time="1.872" /><testcase classname="test.test_codes.TestBinomialQubit" name="test_binomial_qubit_custom_params" time="1.384" /><testcase classname="test.test_codes.TestBinomialQubit" name="test_binomial_qubit_basis_states" time="0.819" /><testcase classname="test.test_codes.TestBinomialQubit" name="test_binomial_qubit_parameter_combinations" time="1.374" /><testcase classname="test.test_codes.TestGKPQubit" name="test_gkp_qubit_initialization" time="0.776" /><testcase classname="test.test_codes.TestGKPQubit" name="test_gkp_qubit_custom_params" time="1.346" /><testcase classname="test.test_codes.TestGKPQubit" name="test_gkp_qubit_common_gates" time="0.887" /><testcase classname="test.test_codes.TestGKPQubit" name="test_gkp_qubit_basis_states" time="0.379" /><testcase classname="test.test_codes.TestGKPQubit" name="test_gkp_qubit_parameter_validation" time="0.097" /><testcase classname="test.test_codes.TestHexagonalGKPQubit" name="test_hexagonal_gkp_qubit_initialization" time="0.150" /><testcase classname="test.test_codes.TestHexagonalGKPQubit" name="test_hexagonal_gkp_qubit_basis_states" time="0.046" /><testcase classname="test.test_codes.TestSquareGKPQubit" name="test_square_gkp_qubit_initialization" time="0.053" /><testcase classname="test.test_codes.TestSquareGKPQubit" name="test_square_gkp_qubit_basis_states" time="0.044" /><testcase classname="test.test_codes.TestRectangularGKPQubit" name="test_rectangular_gkp_qubit_initialization" time="0.045" /><testcase classname="test.test_codes.TestRectangularGKPQubit" name="test_rectangular_gkp_qubit_custom_params" time="0.050" /><testcase classname="test.test_codes.TestRectangularGKPQubit" name="test_rectangular_gkp_qubit_basis_states" time="0.043" /><testcase classname="test.test_codes.TestCodesIntegration" name="test_all_code_types_initialization" time="0.287" /><testcase classname="test.test_codes.TestCodesIntegration" name="test_code_state_orthogonality" time="0.328" /><testcase classname="test.test_codes.TestCodesIntegration" name="test_code_gate_consistency" time="0.102" /><testcase classname="test.test_codes.TestCodesIntegration" name="test_code_parameter_validation" time="0.114" /><testcase classname="test.test_core_misc" name="test_conversions" time="2.126" /><testcase classname="test.test_core_misc" name="test_overlap" time="1.463" /><testcase classname="test.test_core_misc" name="test_device" time="0.010" /><testcase classname="test.test_core_misc" name="test_comb" time="0.237" /><testcase classname="test.test_core_misc" name="test_iso_transforms" time="1.053" /><testcase classname="test.test_core_misc" name="test_misc_operators" time="2.260" /><testcase classname="test.test_core_solvers" name="test_sesolve" time="3.096" /><testcase classname="test.test_core_solvers" name="test_sesolve_batch" time="3.353" /><testcase classname="test.test_core_solvers" name="test_sesolve_edge_cases" time="1.411" /><testcase classname="test.test_core_solvers" name="test_mesolve_batch" time="5.897" /><testcase classname="test.test_core_solvers" name="test_mesolve" time="3.246" /><testcase classname="test.test_core_solvers" name="test_mesolve_edge_cases" time="1.929" /><testcase classname="test.test_core_solvers" name="test_sesolve_scalar_H" time="3.629" /><testcase classname="test.test_core_solvers" name="test_mesolve_scalar_H" time="4.057" /><testcase classname="test.test_core_solvers" name="test_sesolve_sparse_ket" time="4.186" /><testcase classname="test.test_core_solvers" name="test_mesolve_sparse_dm" time="3.911" /><testcase classname="test.test_core_solvers" name="test_mesolve_sparse_dia_dm" time="3.277" /><testcase classname="test.test_measurement" name="test_reconstruct_density_matrix" time="0.989" /><testcase classname="test.test_measurement" name="test_parametrize_density_matrix" time="0.290" /><testcase classname="test.test_measurement" name="test_L1_reg" time="0.049" /><testcase classname="test.test_measurement" name="test_overlap" time="0.043" /><testcase classname="test.test_measurement" name="test_fidelity" time="0.351" /><testcase classname="test.test_measurement" name="test_quantum_state_tomography_direct" time="0.417" /><testcase classname="test.test_measurement" name="test_quantum_state_tomography_mle" time="0.831" /><testcase classname="test.test_measurement" name="test_tensor_basis" time="0.751" /><testcase classname="test.test_new_qarray" name="test_version" time="0.001" /><testcase classname="test.test_new_qarray" name="test_implementation_types" time="1.895" /><testcase classname="test.test_new_qarray" name="test_conversion_between_implementations" time="1.288" /><testcase classname="test.test_new_qarray" name="test_implementation_preservation" time="3.261" /><testcase classname="test.test_new_qarray" name="test_mixed_implementation_operations" time="0.283" /><testcase classname="test.test_new_qarray" name="test_backward_compatibility_basic" time="0.532" /><testcase classname="test.test_new_qarray" name="test_backward_compatibility_properties" time="1.294" /><testcase classname="test.test_new_qarray" name="test_backward_compatibility_math" time="0.204" /><testcase classname="test.test_new_qarray" name="test_backward_compatibility_tensor" time="1.230" /><testcase classname="test.test_new_qarray" name="test_sparse_creation_and_operations" time="3.285" /><testcase classname="test.test_new_qarray" name="test_sparse_fallback_operations" time="0.155" /><testcase classname="test.test_new_qarray" name="test_sparse_eigenoperations" time="0.599" /><testcase classname="test.test_new_qarray" name="test_sparse_tensor_operations" time="0.947" /><testcase classname="test.test_new_qarray" name="test_sparse_memory_efficiency" time="2.247" /><testcase classname="test.test_new_qarray" name="test_error_handling" time="0.003" /><testcase classname="test.test_new_qarray" name="test_sparse_error_handling" time="0.013" /><testcase classname="test.test_new_qarray" name="test_sparse_new_operations" time="0.813" /><testcase classname="test.test_new_qarray" name="test_sparse_dag_performance" time="2.352" /><testcase classname="test.test_new_qarray" name="test_sparse_batched_operations" time="1.812" /><testcase classname="test.test_new_qarray" name="test_basic_performance" time="4.486" /><testcase classname="test.test_qarray" name="test_version" time="0.001" /><testcase classname="test.test_qarray" name="test_qarray_creation" time="1.523" /><testcase classname="test.test_qarray" name="test_qarray_properties" time="0.007" /><testcase classname="test.test_qarray" name="test_qarray_basic_math_add" time="2.127" /><testcase classname="test.test_qarray" name="test_qarray_basic_math_sub" time="0.506" /><testcase classname="test.test_qarray" name="test_qarray_basic_math_mul" time="0.438" /><testcase classname="test.test_qarray" name="test_qarray_basic_math_matmul" time="0.018" /><testcase classname="test.test_qarray" name="test_qarray_basic_math_tensor" time="0.663" /><testcase classname="test.test_qarray" name="test_qarray_basic_math_pow" time="0.040" /><testcase classname="test.test_qarray" name="test_eigh" time="4.280" /><testcase classname="test.test_qarray" name="test_norm_unit" time="3.591" /><testcase classname="test.test_qarray" name="test_dims" time="0.006" /><testcase classname="test.test_qarray" name="test_qtype" time="0.052" /><testcase classname="test.test_qp_distributions" name="test_wigner_coherent_state" time="1.594" /><testcase classname="test.test_qp_distributions" name="test_husimi_coherent_state" time="0.599" /><testcase classname="test.test_qp_distributions" name="test_wigner_density_matrix" time="0.282" /><testcase classname="test.test_qp_distributions" name="test_wigner_mixed_state" time="0.283" /><testcase classname="test.test_qp_distributions" name="test_wigner_fock_state_zero" time="0.548" /><testcase classname="test.test_qp_distributions" name="test_husimi_fock_state_zero" time="0.278" /><testcase classname="test.test_qp_distributions" name="test_wigner_coherent_state_value" time="1.073" /><testcase classname="test.test_qp_distributions" name="test_husimi_coherent_state_value" time="0.191" /><testcase classname="test.test_sparse_bcoo_backend.TestSparseEye" name="test_identity_values" time="0.270" /><testcase classname="test.test_sparse_bcoo_backend.TestSparseEye" name="test_shape" time="0.151" /><testcase classname="test.test_sparse_bcoo_backend.TestSparseEye" name="test_is_sparse_impl" time="0.142" /><testcase classname="test.test_sparse_bcoo_backend.TestSparseEye" name="test_stores_n_entries" time="0.147" /><testcase classname="test.test_sparse_bcoo_backend.TestSparseTrace" name="test_trace_diagonal" time="0.183" /><testcase classname="test.test_sparse_bcoo_backend.TestSparseTrace" name="test_trace_off_diagonal_ignored" time="0.154" /><testcase classname="test.test_sparse_bcoo_backend.TestSparseTrace" name="test_trace_complex" time="0.263" /><testcase classname="test.test_sparse_bcoo_backend.TestSparseTrace" name="test_trace_zero_matrix" time="0.299" /><testcase classname="test.test_sparse_bcoo_backend.TestSparseTrace" name="test_trace_identity" time="0.066" /><testcase classname="test.test_sparse_bcoo_backend.TestSparseTrace" name="test_trace_matches_dense" time="0.551" /><testcase classname="test.test_sparse_bcoo_backend.TestSparseTrace" name="test_trace_batched_1d" time="0.356" /><testcase classname="test.test_sparse_bcoo_backend.TestSparseTrace" name="test_trace_batched_off_diag_ignored" time="0.280" /><testcase classname="test.test_sparse_bcoo_backend.TestSparseTrace" name="test_trace_batched_complex" time="0.442" /><testcase classname="test.test_sparse_bcoo_backend.TestSparseKeepDiagImpl" name="test_diagonal_preserved" time="0.091" /><testcase classname="test.test_sparse_bcoo_backend.TestSparseKeepDiagImpl" name="test_off_diagonal_zeroed" time="0.183" /><testcase classname="test.test_sparse_bcoo_backend.TestSparseKeepDiagImpl" name="test_returns_sparse_impl" time="0.007" /><testcase classname="test.test_sparse_bcoo_backend.TestSparseKeepDiagImpl" name="test_indices_unchanged" time="0.075" /><testcase classname="test.test_sparse_bcoo_backend.TestSparseKeepDiagImpl" name="test_complex_diagonal_preserved" time="0.008" /><testcase classname="test.test_sparse_bcoo_backend.TestSparseL2Norm" name="test_non_batched_ket" time="0.390" /><testcase classname="test.test_sparse_bcoo_backend.TestSparseL2Norm" name="test_non_batched_zero_ket" time="0.076" /><testcase classname="test.test_sparse_bcoo_backend.TestSparseL2Norm" name="test_non_batched_matches_jnp_norm" time="0.121" /><testcase classname="test.test_sparse_bcoo_backend.TestSparseL2Norm" name="test_batched_1d_ket" time="0.469" /><testcase classname="test.test_sparse_bcoo_backend.TestSparseL2Norm" name="test_batched_complex" time="0.515" /><testcase classname="test.test_sparse_bcoo_backend.TestSparseL2Norm" name="test_non_batched_unit_vector" time="0.212" /><testcase classname="test.test_sparse_bcoo_backend.TestSparseTidyUp" name="test_large_values_preserved" time="0.153" /><testcase classname="test.test_sparse_bcoo_backend.TestSparseTidyUp" name="test_small_values_zeroed" time="0.269" /><testcase classname="test.test_sparse_bcoo_backend.TestSparseTidyUp" name="test_real_imag_filtered_independently" time="0.227" /><testcase classname="test.test_sparse_bcoo_backend.TestSparseTidyUp" name="test_preserves_sparse_type" time="0.087" /><testcase classname="test.test_sparse_bcoo_backend.TestSparseTidyUp" name="test_tidy_up_direct" time="0.010" /><testcase classname="test.test_sparse_bcoo_backend.TestFromSparse" name="test_from_bcoo_directly" time="0.056" /><testcase classname="test.test_sparse_bcoo_backend.TestFromSparse" name="test_from_sparse_dims_inferred" time="0.149" /><testcase classname="test.test_sparse_bcoo_backend.TestFromSparse" name="test_from_sparse_explicit_dims" time="0.006" /><testcase classname="test.test_sparse_bcoo_backend.TestFromSparse" name="test_from_sparse_round_trip" time="0.095" /><testcase classname="test.test_sparse_bcoo_backend.TestSparseEquality" name="test_sparse_equals_itself" time="0.126" /><testcase classname="test.test_sparse_bcoo_backend.TestSparseEquality" name="test_sparse_equals_copy" time="0.125" /><testcase classname="test.test_sparse_bcoo_backend.TestSparseEquality" name="test_sparse_not_equal_different_data" time="0.012" /><testcase classname="test.test_sparse_bcoo_backend.TestSparseEquality" name="test_sparse_eq_different_dims_false" time="0.011" /><testcase classname="test.test_sparse_bcoo_backend.TestSparseEquality" name="test_to_sparse_idempotent" time="0.005" /><testcase classname="test.test_sparse_bcoo_backend.TestSparseEquality" name="test_sparse_dense_cross_equality" time="0.039" /><testcase classname="test.test_sparse_bcoo_backend.TestSparseScalarAddSub" name="test_scalar_add_stays_sparse" time="0.405" /><testcase classname="test.test_sparse_bcoo_backend.TestSparseScalarAddSub" name="test_scalar_radd_stays_sparse" time="0.043" /><testcase classname="test.test_sparse_bcoo_backend.TestSparseScalarAddSub" name="test_scalar_sub_stays_sparse" time="0.070" /><testcase classname="test.test_sparse_bcoo_backend.TestSparseScalarAddSub" name="test_scalar_rsub_stays_sparse" time="0.044" /><testcase classname="test.test_sparse_bcoo_backend.TestSparseScalarAddSub" name="test_scalar_add_correct_value" time="0.076" /><testcase classname="test.test_sparse_bcoo_backend.TestSparseScalarAddSub" name="test_scalar_sub_correct_value" time="0.046" /><testcase classname="test.test_sparse_bcoo_backend.TestSparseScalarAddSub" name="test_zero_add_is_noop" time="0.032" /><testcase classname="test.test_sparse_bcoo_backend.TestSparseScalarAddSub" name="test_complex_scalar_add_stays_sparse" time="0.042" /><testcase classname="test.test_sparse_bcoo_backend.TestSparseScalarAddSub" name="test_neg_scalar_sub_stays_sparse" time="0.041" /><testcase classname="test.test_sparse_bcoo_backend.TestSparseScalarAddSub" name="test_scalar_add_large_sparse" time="3.131" /><testcase classname="test.test_sparse_bcoo_backend.TestTraceFn" name="test_tr_diagonal_sparse" time="0.037" /><testcase classname="test.test_sparse_bcoo_backend.TestTraceFn" name="test_tr_matches_dense" time="0.079" /><testcase classname="test.test_sparse_bcoo_backend.TestTraceFn" name="test_tr_complex_sparse" time="0.007" /><testcase classname="test.test_sparse_bcoo_backend.TestTraceFn" name="test_tr_method_sparse" time="0.006" /><testcase classname="test.test_sparse_bcoo_backend.TestTraceFn" name="test_tr_identity_sparse" time="0.497" /><testcase classname="test.test_sparse_bcoo_backend.TestTraceFn" name="test_tr_num_operator" time="0.934" /><testcase classname="test.test_sparse_bcoo_backend.TestTraceFn" name="test_tr_off_diagonal_not_counted" time="0.077" /><testcase classname="test.test_sparse_bcoo_backend.TestTraceFn" name="test_tr_batched_sparse" time="0.096" /><testcase classname="test.test_sparse_bcoo_backend.TestTraceFn" name="test_trace_alias" time="0.007" /><testcase classname="test.test_sparse_bcoo_backend.TestKeepDiagFn" name="test_sparse_stays_sparse" time="0.007" /><testcase classname="test.test_sparse_bcoo_backend.TestKeepDiagFn" name="test_correct_values" time="0.098" /><testcase classname="test.test_sparse_bcoo_backend.TestKeepDiagFn" name="test_off_diag_zeroed" time="0.010" /><testcase classname="test.test_sparse_bcoo_backend.TestKeepDiagFn" name="test_complex_diagonal_preserved" time="0.008" /><testcase classname="test.test_sparse_bcoo_backend.TestKeepDiagFn" name="test_num_operator_keeps_diagonal" time="0.554" /><testcase classname="test.test_sparse_bcoo_backend.TestKeepDiagFn" name="test_dense_unchanged" time="0.091" /><testcase classname="test.test_sparse_bcoo_backend.TestNormFn" name="test_norm_ket_sparse" time="0.037" /><testcase classname="test.test_sparse_bcoo_backend.TestNormFn" name="test_norm_ket_sparse_matches_dense" time="0.122" /><testcase classname="test.test_sparse_bcoo_backend.TestNormFn" name="test_norm_bra_sparse" time="0.220" /><testcase classname="test.test_sparse_bcoo_backend.TestNormFn" name="test_norm_basis_sparse" time="0.386" /><testcase classname="test.test_sparse_bcoo_backend.TestNormFn" name="test_unit_sparse_ket" time="0.037" /><testcase classname="test.test_sparse_bcoo_backend.TestNormFn" name="test_norm_batched_sparse_ket" time="0.293" /><testcase classname="test.test_sparse_bcoo_backend.TestNormFn" name="test_norm_identity_sparse" time="0.007" /><testcase classname="test.test_sparse_bcoo_backend.TestNormFn" name="test_norm_density_matrix_sparse" time="1.143" /><testcase classname="test.test_sparse_bcoo_backend.TestNormFn" name="test_norm_oper_sparse_matches_dense" time="0.008" /><testcase classname="test.test_sparse_bcoo_backend.TestNormFn" name="test_norm_num_operator_sparse" time="0.736" /><testcase classname="test.test_sparse_bcoo_backend.TestSparseOperators" name="test_destroy" time="0.053" /><testcase classname="test.test_sparse_bcoo_backend.TestSparseOperators" name="test_destroy_string_impl" time="0.078" /><testcase classname="test.test_sparse_bcoo_backend.TestSparseOperators" name="test_create" time="0.050" /><testcase classname="test.test_sparse_bcoo_backend.TestSparseOperators" name="test_num" time="0.089" /><testcase classname="test.test_sparse_bcoo_backend.TestSparseOperators" name="test_identity" time="0.098" /><testcase classname="test.test_sparse_bcoo_backend.TestSparseOperators" name="test_identity_like" time="0.085" /><testcase classname="test.test_sparse_bcoo_backend.TestSparseOperators" name="test_basis" time="0.133" /><testcase classname="test.test_sparse_bcoo_backend.TestSparseOperators" name="test_defaults_still_dense" time="0.004" /><testcase classname="test.test_sparse_bcoo_backend.TestSparseOperators" name="test_ladder_commutation_sparse" time="1.247" /><testcase classname="test.test_sparse_bcoo_backend.TestSparseOperators" name="test_num_eigenvalues_sparse" time="0.135" /><testcase classname="test.test_sparse_bcoo_backend.TestGetitem" name="test_batched_sparse_getitem_stays_sparse" time="1.686" /><testcase classname="test.test_sparse_bcoo_backend.TestGetitem" name="test_batched_dense_getitem_stays_dense" time="0.044" /><testcase classname="test.test_sparse_bcoo_backend.TestGetitem" name="test_getitem_correct_values" time="0.072" /><testcase classname="test.test_sparse_bcoo_backend.TestGetitem" name="test_nonbatched_getitem_raises" time="0.006" /><testcase classname="test.test_sparse_bcoo_backend.TestFromListSparse" name="test_from_list_sparse_stays_sparse" time="0.538" /><testcase classname="test.test_sparse_bcoo_backend.TestFromListSparse" name="test_from_list_sparse_correct_values" time="0.699" /><testcase classname="test.test_sparse_bcoo_backend.TestFromListSparse" name="test_from_list_dense_unchanged" time="0.018" /><testcase classname="test.test_sparse_bcoo_backend.TestFromListSparse" name="test_from_list_empty_works" time="0.001" /><testcase classname="test.test_sparse_bcoo_backend.TestFromListSparse" name="test_from_list_mixed_promotes_to_dense" time="0.285" /><testcase classname="test.test_sparse_bcoo_backend.TestFromListSparse" name="test_from_list_mixed_correct_values" time="0.020" /><testcase classname="test.test_sparse_bcoo_backend.TestFromListSparse" name="test_from_list_all_sparse_stays_sparse" time="1.406" /><testcase classname="test.test_sparse_bcoo_backend.TestFromListSparse" name="test_from_list_preserves_bdims" time="0.297" /><testcase classname="test.test_sparse_bcoo_backend.TestTensorSparse" name="test_tensor_sparse_stays_sparse" time="0.365" /><testcase classname="test.test_sparse_bcoo_backend.TestTensorSparse" name="test_tensor_dense_stays_dense" time="0.002" /><testcase classname="test.test_sparse_bcoo_backend.TestTensorSparse" name="test_tensor_mixed_returns_dense" time="0.041" /><testcase classname="test.test_sparse_bcoo_backend.TestTensorSparse" name="test_tensor_parallel_all_sparse_stays_sparse" time="0.583" /><testcase classname="test.test_sparse_bcoo_backend.TestTensorSparse" name="test_tensor_parallel_all_dense_stays_dense" time="0.003" /><testcase classname="test.test_sparse_bcoo_backend.TestTensorSparse" name="test_tensor_parallel_mixed_returns_dense" time="0.009" /><testcase classname="test.test_sparse_bcoo_backend.TestTensorSparse" name="test_tensor_parallel_sparse_correct_values" time="1.121" /><testcase classname="test.test_sparse_bcoo_backend.TestTensorSparse" name="test_tensor_parallel_matches_non_parallel_sparse" time="0.382" /><testcase classname="test.test_sparse_bcoo_backend.TestTensorSparse" name="test_tensor_sparse_correct_values" time="0.246" /><testcase classname="test.test_sparse_bcoo_backend.TestTensorSparse" name="test_tensor_three_sparse" time="1.064" /><testcase classname="test.test_sparse_bcoo_backend.TestTensorSparse" name="test_tensor_no_densification" time="0.564" /><testcase classname="test.test_sparse_bcoo_backend.TestMatmulSparseDense" name="test_sparse_at_dense_returns_dense" time="0.099" /><testcase classname="test.test_sparse_bcoo_backend.TestMatmulSparseDense" name="test_dense_at_sparse_returns_dense" time="0.010" /><testcase classname="test.test_sparse_bcoo_backend.TestMatmulSparseDense" name="test_sparse_at_dense_correct_values" time="0.009" /><testcase classname="test.test_sparse_bcoo_backend.TestMatmulSparseDense" name="test_sparse_at_dense_large" time="0.710" /><testcase classname="test.test_sparse_bcoo_backend.TestDagDataDispatch" name="test_dense_array_returns_dense" time="0.001" /><testcase classname="test.test_sparse_bcoo_backend.TestDagDataDispatch" name="test_dense_dag_correct_values" time="0.001" /><testcase classname="test.test_sparse_bcoo_backend.TestDagDataDispatch" name="test_bcoo_returns_bcoo" time="0.123" /><testcase classname="test.test_sparse_bcoo_backend.TestDagDataDispatch" name="test_bcoo_dag_correct_values" time="0.010" /><testcase classname="test.test_sparse_bcoo_backend.TestDagDataDispatch" name="test_batched_dense_dag" time="0.143" /><testcase classname="test.test_sparse_bcoo_backend.TestDagDataDispatch" name="test_batched_bcoo_dag" time="0.894" /><testcase classname="test.test_sparse_bcoo_backend.TestDagDataDispatch" name="test_can_handle_data_dense" time="0.001" /><testcase classname="test.test_sparse_bcoo_backend.TestDagDataDispatch" name="test_can_handle_data_sparse" time="0.006" /><testcase classname="test.test_sparse_bcoo_backend.TestMesolveSparseCollapse" name="test_sparse_c_ops_run" time="2.431" /><testcase classname="test.test_sparse_bcoo_backend.TestMesolveSparseCollapse" name="test_sparse_c_ops_match_dense" time="2.955" /><testcase classname="test.test_sparse_bcoo_backend.TestMesolveSparseCollapse" name="test_sparse_c_ops_decay_to_ground" time="1.606" /><testcase classname="test.test_sparse_bcoo_backend.TestMesolveSparseCollapse" name="test_sparse_c_ops_c_ops_dag_precomputed" time="0.179" /><testcase classname="test.test_sparse_dia_backend.TestConstruction" name="test_from_dense_array" time="0.267" /><testcase classname="test.test_sparse_dia_backend.TestConstruction" name="test_from_sparse_dia_data" time="0.122" /><testcase classname="test.test_sparse_dia_backend.TestConstruction" name="test_from_diags_factory" time="0.081" /><testcase classname="test.test_sparse_dia_backend.TestConstruction" name="test_offsets_sorted" time="0.031" /><testcase classname="test.test_sparse_dia_backend.TestConstruction" name="test_shape" time="0.001" /><testcase classname="test.test_sparse_dia_backend.TestConstruction" name="test_memory_efficiency" time="0.001" /><testcase classname="test.test_sparse_dia_backend.TestConstruction" name="test_get_data_returns_sparse_dia_data" time="0.041" /><testcase classname="test.test_sparse_dia_backend.TestConversions" name="test_to_dense_destroy" time="0.003" /><testcase classname="test.test_sparse_dia_backend.TestConversions" name="test_to_dense_num" time="0.183" /><testcase classname="test.test_sparse_dia_backend.TestConversions" name="test_to_dense_roundtrip" time="0.237" /><testcase classname="test.test_sparse_dia_backend.TestConversions" name="test_to_sparse_bcoo_is_bcoo" time="0.008" /><testcase classname="test.test_sparse_dia_backend.TestConversions" name="test_to_sparse_dia_is_self" time="0.001" /><testcase classname="test.test_sparse_dia_backend.TestConversions" name="test_from_dense_impl_to_sparse_dia" time="0.003" /><testcase classname="test.test_sparse_dia_backend.TestDag" name="test_dag_destroy_equals_create" time="0.018" /><testcase classname="test.test_sparse_dia_backend.TestDag" name="test_dag_negates_offsets" time="0.002" /><testcase classname="test.test_sparse_dia_backend.TestDag" name="test_dag_no_densification" time="0.002" /><testcase classname="test.test_sparse_dia_backend.TestDag" name="test_dag_num_is_self" time="0.017" /><testcase classname="test.test_sparse_dia_backend.TestDag" name="test_dag_double" time="0.007" /><testcase classname="test.test_sparse_dia_backend.TestDag" name="test_dag_complex" time="0.128" /><testcase classname="test.test_sparse_dia_backend.TestMatmul" name="test_sparsedia_at_dense" time="0.156" /><testcase classname="test.test_sparse_dia_backend.TestMatmul" name="test_sparsedia_at_sparsedia" time="0.125" /><testcase classname="test.test_sparse_dia_backend.TestMatmul" name="test_sparsedia_at_sparsedia_a_adag" time="0.006" /><testcase classname="test.test_sparse_dia_backend.TestMatmul" name="test_matmul_result_stays_sparsedia" time="0.004" /><testcase classname="test.test_sparse_dia_backend.TestAddSub" name="test_add_two_sparsedia" time="0.180" /><testcase classname="test.test_sparse_dia_backend.TestAddSub" name="test_add_union_of_offsets" time="0.004" /><testcase classname="test.test_sparse_dia_backend.TestAddSub" name="test_sub" time="0.048" /><testcase classname="test.test_sparse_dia_backend.TestAddSub" name="test_add_same_offset" time="0.038" /><testcase classname="test.test_sparse_dia_backend.TestMul" name="test_scalar_mul" time="0.070" /><testcase classname="test.test_sparse_dia_backend.TestMul" name="test_scalar_mul_preserves_offsets" time="0.001" /><testcase classname="test.test_sparse_dia_backend.TestMul" name="test_neg" time="0.073" /><testcase classname="test.test_sparse_dia_backend.TestRealImagConj" name="test_real" time="0.032" /><testcase classname="test.test_sparse_dia_backend.TestRealImagConj" name="test_imag" time="0.035" /><testcase classname="test.test_sparse_dia_backend.TestRealImagConj" name="test_conj" time="0.004" /><testcase classname="test.test_sparse_dia_backend.TestSparseDiaDataArithmetic" name="test_mul" time="0.132" /><testcase classname="test.test_sparse_dia_backend.TestSparseDiaDataArithmetic" name="test_rmul" time="0.001" /><testcase classname="test.test_sparse_dia_backend.TestSparseDiaDataArithmetic" name="test_matmul_dense" time="0.004" /><testcase classname="test.test_sparse_dia_backend.TestSparseDiaDataArithmetic" name="test_rmatmul_dense" time="0.102" /><testcase classname="test.test_sparse_dia_backend.TestSparseDiaDataArithmetic" name="test_shape_property" time="0.028" /><testcase classname="test.test_sparse_dia_backend.TestSparseDiaDataArithmetic" name="test_dtype_property" time="0.001" /><testcase classname="test.test_sparse_dia_backend.TestKron" name="test_kron_identity_identity" time="0.483" /><testcase classname="test.test_sparse_dia_backend.TestKron" name="test_kron_destroy_identity" time="0.301" /><testcase classname="test.test_sparse_dia_backend.TestKron" name="test_kron_identity_destroy" time="0.065" /><testcase classname="test.test_sparse_dia_backend.TestKron" name="test_kron_stays_sparsedia" time="0.002" /><testcase classname="test.test_sparse_dia_backend.TestKron" name="test_kron_shape" time="0.002" /><testcase classname="test.test_sparse_dia_backend.TestTidyUp" name="test_tidy_up_zeros_small_values" time="0.136" /><testcase classname="test.test_sparse_dia_backend.TestTidyUp" name="test_tidy_up_preserves_format" time="0.001" /><testcase classname="test.test_sparse_dia_backend.TestTraceFrobenius" name="test_trace_num" time="0.031" /><testcase classname="test.test_sparse_dia_backend.TestTraceFrobenius" name="test_trace_off_diagonal" time="0.002" /><testcase classname="test.test_sparse_dia_backend.TestTraceFrobenius" name="test_frobenius_norm" time="0.134" /><testcase classname="test.test_sparse_dia_backend.TestEyeData" name="test_eye_data_shape" time="0.001" /><testcase classname="test.test_sparse_dia_backend.TestEyeData" name="test_eye_data_values" time="0.001" /><testcase classname="test.test_sparse_dia_backend.TestDispatch" name="test_can_handle_data_true_for_sparsediadata" time="0.001" /><testcase classname="test.test_sparse_dia_backend.TestDispatch" name="test_can_handle_data_false_for_dense" time="0.001" /><testcase classname="test.test_sparse_dia_backend.TestDispatch" name="test_dense_can_handle_excludes_sparsediadata" time="0.001" /><testcase classname="test.test_sparse_dia_backend.TestDispatch" name="test_dag_data_dispatch_sparsedia" time="0.005" /><testcase classname="test.test_sparse_dia_backend.TestQarrayAPI" name="test_create_with_sparse_dia" time="0.001" /><testcase classname="test.test_sparse_dia_backend.TestQarrayAPI" name="test_create_with_enum" time="0.001" /><testcase classname="test.test_sparse_dia_backend.TestQarrayAPI" name="test_from_sparse_dia" time="0.001" /><testcase classname="test.test_sparse_dia_backend.TestQarrayAPI" name="test_to_sparse_dia_from_dense" time="0.136" /><testcase classname="test.test_sparse_dia_backend.TestQarrayAPI" name="test_to_sparse_dia_idempotent" time="0.002" /><testcase classname="test.test_sparse_dia_backend.TestQarrayAPI" name="test_qarray_matmul_sparsedia_dense" time="0.198" /><testcase classname="test.test_sparse_dia_backend.TestQarrayAPI" name="test_scalar_add_works" time="0.414" /><testcase classname="test.test_sparse_dia_backend.TestOperators" name="test_destroy_sparse_dia" time="0.005" /><testcase classname="test.test_sparse_dia_backend.TestOperators" name="test_create_sparse_dia" time="0.004" /><testcase classname="test.test_sparse_dia_backend.TestOperators" name="test_num_sparse_dia" time="0.019" /><testcase classname="test.test_sparse_dia_backend.TestOperators" name="test_identity_sparse_dia" time="0.003" /><testcase classname="test.test_sparse_dia_backend.TestOperators" name="test_destroy_memory" time="0.002" /><testcase classname="test.test_sparse_dia_backend.TestOperators" name="test_sigmax_sparse_dia" time="0.232" /><testcase classname="test.test_sparse_dia_backend.TestOperators" name="test_sigmay_sparse_dia" time="0.057" /><testcase classname="test.test_sparse_dia_backend.TestOperators" name="test_sigmaz_sparse_dia" time="0.106" /><testcase classname="test.test_sparse_dia_backend.TestOperators" name="test_sigmap_sparse_dia" time="0.032" /><testcase classname="test.test_sparse_dia_backend.TestOperators" name="test_sigmam_sparse_dia" time="0.003" /><testcase classname="test.test_sparse_dia_backend.TestOperators" name="test_hadamard_sparse_dia" time="0.257" /><testcase classname="test.test_sparse_dia_backend.TestOperators" name="test_sigmax_no_leading_zeros_wrong" time="0.056" /><testcase classname="test.test_sparse_dia_backend.TestPromotion" name="test_sparsedia_plus_dense_gives_dense" time="0.005" /><testcase classname="test.test_sparse_dia_backend.TestPromotion" name="test_sparsedia_plus_sparsedia_gives_sparsedia" time="0.121" /><testcase classname="test.test_sparse_dia_backend.TestPromotion" name="test_promotion_order" time="0.001" /><testcase classname="test.test_sparse_dia_backend.TestMesolve" name="test_mesolve_sparsedia_hamiltonian" time="3.084" /><testcase classname="test.test_sparse_dia_backend.TestMesolve" name="test_mesolve_sparsedia_c_ops" time="4.072" /><testcase classname="test.test_sparse_dia_backend.TestBatchedSparseDIA" name="test_from_list_stays_sparsedia" time="0.168" /><testcase classname="test.test_sparse_dia_backend.TestBatchedSparseDIA" name="test_from_list_union_offsets" time="0.006" /><testcase classname="test.test_sparse_dia_backend.TestBatchedSparseDIA" name="test_from_list_no_densification" time="0.006" /><testcase classname="test.test_sparse_dia_backend.TestBatchedSparseDIA" name="test_from_list_correct_values" time="0.066" /><testcase classname="test.test_sparse_dia_backend.TestBatchedSparseDIA" name="test_batched_at_single_sparsedia" time="0.236" /><testcase classname="test.test_sparse_dia_backend.TestBatchedSparseDIA" name="test_batched_at_single_dense" time="0.662" /><testcase classname="test.test_sparse_dia_backend.TestBatchedSparseDIA" name="test_batched_add_single" time="0.563" /><testcase classname="test.test_sparse_dia_backend.TestBatchedSparseDIA" name="test_batched_dag" time="0.092" /><testcase classname="test.test_sparse_dia_backend.TestBatchedSparseDIA" name="test_batched_scalar_mul" time="0.352" /><testcase classname="test.test_sparse_dia_backend.TestBatchedSparseDIA" name="test_mesolve_c_ops_batched_sparsedia" time="3.951" /><testcase classname="test.test_sparse_dia_backend.TestDiaSlice" name="test_positive_offset" time="0.001" /><testcase classname="test.test_sparse_dia_backend.TestDiaSlice" name="test_negative_offset" time="0.001" /><testcase classname="test.test_sparse_dia_backend.TestDiaSlice" name="test_zero_offset" time="0.001" /><testcase classname="test.test_sparse_dia_backend.TestDiaSlice" name="test_complement_positive" time="0.001" /><testcase classname="test.test_sparse_dia_backend.TestDiaSlice" name="test_complement_negative" time="0.000" /><testcase classname="test.test_sparse_dia_backend.TestPowm" name="test_powm_zero_is_identity" time="0.005" /><testcase classname="test.test_sparse_dia_backend.TestPowm" name="test_powm_one_is_self" time="0.006" /><testcase classname="test.test_sparse_dia_backend.TestPowm" name="test_powm_two_matches_dense" time="0.006" /><testcase classname="test.test_sparse_dia_backend.TestPowm" name="test_powm_stays_sparsedia" time="0.093" /><testcase classname="test.test_sparse_dia_backend.TestPowm" name="test_powm_via_qarray" time="0.150" /><testcase classname="test.test_sparse_dia_backend.TestPowm" name="test_powm_negative_raises" time="0.003" /><testcase classname="test.test_sparse_dia_backend.TestPowm" name="test_powm_sparsedia_out_of_range_offsets_pruned" time="0.114" /><testcase classname="test.test_visualization" name="test_plot_wigner" time="16.201" /><testcase classname="test.test_visualization" name="test_plot_husimi" time="8.079" /><testcase classname="test.test_visualization" name="test_plot_cf_wigner" time="18.997" /></testsuite></testsuites>